{"level":"info","message":"convertDocxToPdf -> libre.convert: done","timestamp":"2024-01-24T13:58:15.409Z"}
{"level":"warn","message":"File C:\\MySt\\node_react_2023\\v010_02\\Tasker\\bk\\output_with_watermark2.pdf already exists. Skipping write.","timestamp":"2024-01-24T13:58:15.960Z"}
{"level":"error","message":"testToPDF convertDocxToPdf: ogger is not defined","timestamp":"2024-01-24T13:58:15.962Z"}
{"level":"info","message":"convertDocxToPdf -> libre.convert: done","timestamp":"2024-01-24T13:58:17.734Z"}
{"level":"warn","message":"File C:\\MySt\\node_react_2023\\v010_02\\Tasker\\bk\\output_with_watermark2.pdf already exists. Skipping write.","timestamp":"2024-01-24T13:58:18.121Z"}
{"level":"error","message":"testToPDF convertDocxToPdf: ogger is not defined","timestamp":"2024-01-24T13:58:18.122Z"}
{"level":"info","message":"convertDocxToPdf -> libre.convert: done","timestamp":"2024-01-24T13:59:10.967Z"}
{"level":"warn","message":"File C:\\MySt\\node_react_2023\\v010_02\\Tasker\\bk\\output_with_watermark2.pdf already exists. Skipping write.","timestamp":"2024-01-24T13:59:11.437Z"}
{"level":"error","message":"testToPDF convertDocxToPdf: ogger is not defined","timestamp":"2024-01-24T13:59:11.439Z"}
{"level":"info","message":"convertDocxToPdf -> libre.convert: done","timestamp":"2024-01-24T13:59:26.822Z"}
{"level":"warn","message":"File C:\\MySt\\node_react_2023\\v010_02\\Tasker\\bk\\output_with_watermark2.pdf already exists. Skipping write.","timestamp":"2024-01-24T13:59:27.192Z"}
{"level":"error","message":"testToPDF convertDocxToPdf: ogger is not defined","timestamp":"2024-01-24T13:59:27.195Z"}
{"level":"info","message":"convertDocxToPdf -> libre.convert: done","timestamp":"2024-01-24T14:00:32.634Z"}
{"level":"error","message":"testToPDF convertDocxToPdf: ogger is not defined","timestamp":"2024-01-24T14:00:33.099Z"}
{"level":"info","message":"convertDocxToPdf -> libre.convert: done","timestamp":"2024-01-24T14:01:13.475Z"}
{"level":"warn","message":"File C:\\MySt\\node_react_2023\\v010_02\\Tasker\\bk\\output_with_watermark2.pdf already exists. Skipping write.","timestamp":"2024-01-24T14:01:13.982Z"}
{"level":"warn","message":"File C:\\MySt\\node_react_2023\\v010_02\\Tasker\\bk\\output_with_watermark2.pdf already exists. Skipping write.","timestamp":"2024-01-24T14:01:13.987Z"}
{"level":"error","message":"testToPDF convertDocxToPdf: Cannot write headers after they are sent to the client","timestamp":"2024-01-24T14:01:13.989Z"}
{"level":"error","message":"testToPDF -> testDocData: testToPDF convertDocxToPdf: Cannot write headers after they are sent to the client","timestamp":"2024-01-24T14:01:13.992Z"}
{"level":"info","message":"convertDocxToPdf -> libre.convert: done","timestamp":"2024-01-24T14:05:13.449Z"}
{"level":"warn","message":"File C:\\MySt\\node_react_2023\\v010_02\\Tasker\\bk\\output_with_watermark2.pdf already exists. Skipping write.","timestamp":"2024-01-24T14:05:13.951Z"}
{"level":"warn","message":"File C:\\MySt\\node_react_2023\\v010_02\\Tasker\\bk\\output_with_watermark2.pdf already exists. Skipping write.","timestamp":"2024-01-24T14:05:13.954Z"}
{"level":"error","message":"testToPDF convertDocxToPdf: Cannot write headers after they are sent to the client","timestamp":"2024-01-24T14:05:13.956Z"}
{"level":"error","message":"testToPDF -> testDocData: testToPDF convertDocxToPdf: Cannot write headers after they are sent to the client","timestamp":"2024-01-24T14:05:13.957Z"}
{"level":"info","message":"convertDocxToPdf -> libre.convert: done","timestamp":"2024-01-24T14:11:13.040Z"}
{"level":"warn","message":"File C:\\MySt\\node_react_2023\\v010_02\\Tasker\\bk\\output_with_watermark2.pdf already exists. Skipping write.","timestamp":"2024-01-24T14:11:13.370Z"}
{"level":"error","message":"testToPDF -> testDocData: newFileFromTamplate is not defined","timestamp":"2024-01-24T14:13:00.881Z"}
{"level":"error","message":"testToPDF -> testDocData: newFileFromTamplate is not defined","timestamp":"2024-01-24T14:13:02.575Z"}
{"level":"error","message":"testToPDF -> testDocData: newFileFromTamplate is not defined","timestamp":"2024-01-24T14:13:03.480Z"}
{"level":"info","message":"convertDocxToPdf -> libre.convert: done","timestamp":"2024-01-24T14:13:24.047Z"}
{"level":"warn","message":"File C:\\MySt\\node_react_2023\\v010_02\\Tasker\\bk\\output_with_watermark2.pdf already exists. Skipping write.","timestamp":"2024-01-24T14:13:24.542Z"}
{"level":"warn","message":"File C:\\MySt\\node_react_2023\\v010_02\\Tasker\\bk\\output_with_watermark2.pdf already exists. Skipping write.","timestamp":"2024-01-24T14:13:24.544Z"}
{"level":"error","message":"testToPDF convertDocxToPdf: Cannot write headers after they are sent to the client","timestamp":"2024-01-24T14:13:24.546Z"}
{"level":"error","message":"testToPDF -> testDocData: testToPDF convertDocxToPdf: Cannot write headers after they are sent to the client","timestamp":"2024-01-24T14:13:24.569Z"}
{"level":"info","message":"convertDocxToPdf -> libre.convert: done","timestamp":"2024-01-24T14:13:30.929Z"}
{"level":"warn","message":"File C:\\MySt\\node_react_2023\\v010_02\\Tasker\\bk\\output_with_watermark2.pdf already exists. Skipping write.","timestamp":"2024-01-24T14:13:31.281Z"}
{"level":"warn","message":"File C:\\MySt\\node_react_2023\\v010_02\\Tasker\\bk\\output_with_watermark2.pdf already exists. Skipping write.","timestamp":"2024-01-24T14:13:31.283Z"}
{"level":"error","message":"testToPDF convertDocxToPdf: Cannot write headers after they are sent to the client","timestamp":"2024-01-24T14:13:31.284Z"}
{"level":"error","message":"testToPDF -> testDocData: testToPDF convertDocxToPdf: Cannot write headers after they are sent to the client","timestamp":"2024-01-24T14:13:31.286Z"}
{"level":"info","message":"convertDocxToPdf -> libre.convert: done","timestamp":"2024-01-24T14:14:54.617Z"}
{"level":"warn","message":"File C:\\MySt\\node_react_2023\\v010_02\\Tasker\\bk\\output_with_watermark2.pdf already exists. Skipping write.","timestamp":"2024-01-24T14:14:55.060Z"}
{"level":"warn","message":"File C:\\MySt\\node_react_2023\\v010_02\\Tasker\\bk\\output_with_watermark2.pdf already exists. Skipping write.","timestamp":"2024-01-24T14:14:55.062Z"}
{"level":"error","message":"testToPDF convertDocxToPdf: Cannot write headers after they are sent to the client","timestamp":"2024-01-24T14:14:55.064Z"}
{"level":"error","message":"testToPDF -> testDocData: testToPDF convertDocxToPdf: Cannot write headers after they are sent to the client","timestamp":"2024-01-24T14:14:55.065Z"}
{"level":"info","message":"convertDocxToPdf -> libre.convert: done","timestamp":"2024-01-24T14:15:10.195Z"}
{"level":"warn","message":"File C:\\MySt\\node_react_2023\\v010_02\\Tasker\\bk\\output_with_watermark2.pdf already exists. Skipping write.","timestamp":"2024-01-24T14:15:10.578Z"}
{"level":"warn","message":"File C:\\MySt\\node_react_2023\\v010_02\\Tasker\\bk\\output_with_watermark2.pdf already exists. Skipping write.","timestamp":"2024-01-24T14:15:10.581Z"}
{"level":"error","message":"testToPDF convertDocxToPdf: Cannot write headers after they are sent to the client","timestamp":"2024-01-24T14:15:10.624Z"}
{"level":"error","message":"testToPDF -> testDocData: testToPDF convertDocxToPdf: Cannot write headers after they are sent to the client","timestamp":"2024-01-24T14:15:10.625Z"}
{"level":"info","message":"convertDocxToPdf -> libre.convert: done","timestamp":"2024-01-24T14:16:15.752Z"}
{"level":"warn","message":"File C:\\MySt\\node_react_2023\\v010_02\\Tasker\\bk\\output_with_watermark2.pdf already exists. Skipping write.","timestamp":"2024-01-24T14:16:16.224Z"}
{"level":"warn","message":"File C:\\MySt\\node_react_2023\\v010_02\\Tasker\\bk\\output_with_watermark2.pdf already exists. Skipping write.","timestamp":"2024-01-24T14:16:16.228Z"}
{"level":"error","message":"testToPDF convertDocxToPdf: Cannot write headers after they are sent to the client","timestamp":"2024-01-24T14:16:16.262Z"}
{"level":"error","message":"testToPDF -> testDocData: testToPDF convertDocxToPdf: Cannot write headers after they are sent to the client","timestamp":"2024-01-24T14:16:16.264Z"}
{"level":"info","message":"convertDocxToPdf -> libre.convert: done","timestamp":"2024-01-24T14:18:05.253Z"}
{"level":"warn","message":"File C:\\MySt\\node_react_2023\\v010_02\\Tasker\\bk\\output_with_watermark2.pdf already exists. Skipping write.","timestamp":"2024-01-24T14:18:05.812Z"}
{"level":"warn","message":"File C:\\MySt\\node_react_2023\\v010_02\\Tasker\\bk\\output_with_watermark2.pdf already exists. Skipping write.","timestamp":"2024-01-24T14:18:05.818Z"}
{"level":"error","message":"testToPDF convertDocxToPdf: Cannot write headers after they are sent to the client","timestamp":"2024-01-24T14:18:05.820Z"}
{"level":"error","message":"testToPDF -> testDocData: testToPDF convertDocxToPdf: Cannot write headers after they are sent to the client","timestamp":"2024-01-24T14:18:05.821Z"}
{"level":"info","message":"convertDocxToPdf -> libre.convert: done","timestamp":"2024-01-24T14:18:55.858Z"}
{"level":"warn","message":"File C:\\MySt\\node_react_2023\\v010_02\\Tasker\\bk\\output_with_watermark2.pdf already exists. Skipping write.","timestamp":"2024-01-24T14:18:56.319Z"}
{"level":"warn","message":"File C:\\MySt\\node_react_2023\\v010_02\\Tasker\\bk\\output_with_watermark2.pdf already exists. Skipping write.","timestamp":"2024-01-24T14:18:56.323Z"}
{"level":"error","message":"testToPDF convertDocxToPdf: Cannot write headers after they are sent to the client","timestamp":"2024-01-24T14:18:56.327Z"}
{"level":"error","message":"testToPDF -> testDocData: testToPDF convertDocxToPdf: Cannot write headers after they are sent to the client","timestamp":"2024-01-24T14:18:56.328Z"}
{"level":"info","message":"convertDocxToPdf -> libre.convert: done","timestamp":"2024-01-24T14:23:25.358Z"}
{"level":"error","message":"File C:\\MySt\\node_react_2023\\v010_02\\Tasker\\bk\\output_with_watermark2.pdf not found.","timestamp":"2024-01-24T14:23:25.840Z"}
{"level":"error","message":"testToPDF convertDocxToPdf: res.setHeader is not a function","timestamp":"2024-01-24T14:23:25.842Z"}
{"level":"error","message":"testToPDF -> testDocData: testToPDF convertDocxToPdf: res.setHeader is not a function","timestamp":"2024-01-24T14:23:25.843Z"}
{"level":"info","message":"convertDocxToPdf -> libre.convert: done","timestamp":"2024-01-24T14:24:32.015Z"}
{"level":"warn","message":"File C:\\MySt\\node_react_2023\\v010_02\\Tasker\\bk\\output_with_watermark2.pdf already exists. Skipping write.","timestamp":"2024-01-24T14:24:32.573Z"}
{"level":"info","message":"convertDocxToPdf -> libre.convert: done","timestamp":"2024-01-24T14:24:58.080Z"}
{"level":"warn","message":"File C:\\MySt\\node_react_2023\\v010_02\\Tasker\\bk\\output_with_watermark2.pdf already exists. Skipping write.","timestamp":"2024-01-24T14:24:58.616Z"}
{"level":"info","message":"convertDocxToPdf -> libre.convert: done","timestamp":"2024-01-24T14:25:17.988Z"}
{"level":"warn","message":"File C:\\MySt\\node_react_2023\\v010_02\\Tasker\\bk\\output_with_watermark2.pdf already exists. Skipping write.","timestamp":"2024-01-24T14:25:18.468Z"}
{"level":"warn","message":"File C:\\MySt\\node_react_2023\\v010_02\\Tasker\\bk\\output_with_watermark2.pdf already exists. Skipping write.","timestamp":"2024-01-24T14:25:18.471Z"}
{"level":"error","message":"testToPDF convertDocxToPdf: Cannot write headers after they are sent to the client","timestamp":"2024-01-24T14:25:18.473Z"}
{"level":"error","message":"testToPDF -> testDocData: testToPDF convertDocxToPdf: Cannot write headers after they are sent to the client","timestamp":"2024-01-24T14:25:18.474Z"}
{"level":"info","message":"convertDocxToPdf -> libre.convert: done","timestamp":"2024-01-24T14:29:26.887Z"}
{"level":"info","message":"File C:\\MySt\\node_react_2023\\v010_02\\Tasker\\bk\\output_with_watermark.pdf has been sent to the client.","timestamp":"2024-01-24T14:29:27.356Z"}
{"level":"warn","message":"File C:\\MySt\\node_react_2023\\v010_02\\Tasker\\bk\\output_with_watermark2.pdf already exists. Skipping write.","timestamp":"2024-01-24T14:29:27.359Z"}
{"level":"error","message":"testToPDF convertDocxToPdf: Cannot write headers after they are sent to the client","timestamp":"2024-01-24T14:29:27.362Z"}
{"level":"error","message":"testToPDF -> testDocData: testToPDF convertDocxToPdf: Cannot write headers after they are sent to the client","timestamp":"2024-01-24T14:29:27.363Z"}
{"level":"info","message":"convertDocxToPdf -> libre.convert: done","timestamp":"2024-01-24T14:31:31.177Z"}
{"level":"info","message":"convertDocxToPdf -> libre.convert: done","timestamp":"2024-01-24T14:31:33.439Z"}
{"level":"info","message":"File C:\\MySt\\node_react_2023\\v010_02\\Tasker\\bk\\output_with_watermark.pdf has been sent to the client.","timestamp":"2024-01-24T14:31:33.770Z"}
{"level":"info","message":"convertDocxToPdf -> libre.convert: done","timestamp":"2024-01-24T14:32:28.234Z"}
{"level":"info","message":"convertDocxToPdf -> libre.convert: done","timestamp":"2024-01-24T14:33:05.541Z"}
{"level":"info","message":"File C:\\MySt\\node_react_2023\\v010_02\\Tasker\\bk\\output_with_watermark.pdf has been sent to the client.","timestamp":"2024-01-24T14:33:05.925Z"}
{"level":"info","message":"convertDocxToPdf -> libre.convert: done","timestamp":"2024-01-24T14:45:19.542Z"}
{"level":"info","message":"File C:\\MySt\\node_react_2023\\v010_02\\Tasker\\bk\\output_with_watermark.pdf has been sent to the client.","timestamp":"2024-01-24T14:45:20.004Z"}
{"level":"error","message":"testToPDF convertDocxToPdf: res.writeHead is not a function","timestamp":"2024-01-24T14:45:20.005Z"}
{"level":"error","message":"testToPDF -> testDocData: testToPDF convertDocxToPdf: res.writeHead is not a function","timestamp":"2024-01-24T14:45:20.006Z"}
{"level":"info","message":"convertDocxToPdf -> libre.convert: done","timestamp":"2024-01-24T14:54:33.453Z"}
{"level":"info","message":"File C:\\MySt\\node_react_2023\\v010_02\\Tasker\\bk\\output_with_watermark.pdf has been sent to the client.","timestamp":"2024-01-24T14:54:33.992Z"}
{"level":"info","message":"convertDocxToPdf -> libre.convert: done","timestamp":"2024-01-24T14:58:05.190Z"}
{"level":"info","message":"File C:\\MySt\\node_react_2023\\v010_02\\Tasker\\bk\\output_with_watermark.pdf has been sent to the client.","timestamp":"2024-01-24T14:58:05.647Z"}
{"level":"info","message":"convertDocxToPdf -> libre.convert: done","timestamp":"2024-01-24T14:58:21.215Z"}
{"level":"info","message":"File C:\\MySt\\node_react_2023\\v010_02\\Tasker\\bk\\output_with_watermark.pdf has been sent to the client.","timestamp":"2024-01-24T14:58:21.680Z"}
{"level":"error","message":"testToPDF error: res.writeHead is not a function","timestamp":"2024-01-24T14:58:21.681Z"}
{"level":"info","message":"convertDocxToPdf -> libre.convert: done","timestamp":"2024-01-24T15:00:12.647Z"}
{"level":"info","message":"File C:\\MySt\\node_react_2023\\v010_02\\Tasker\\bk\\output_with_watermark.pdf has been sent to the client.","timestamp":"2024-01-24T15:00:13.188Z"}
{"level":"error","message":"testToPDF error: res.writeHead is not a function","timestamp":"2024-01-24T15:00:13.189Z"}
